structure(list(Year = c(2009, 2010, 2011, 2012, 2013, 2014, 2015, 
2016, 2017, 2018), nTows = c(32, 29, 28, 27, 28, 28, 28, 26, 
28, 22), `0cm` = c(0, 0, 0, 0, 0, 0, 0, 0, 0, 0), `1cm` = c(0, 
0, 0, 0, 0, 0, 0, 0, 0, 0), `2cm` = c(0, 0, 0, 0, 0, 0, 0, 0, 
0, 0), `3cm` = c(0, 0, 0, 0, 0, 0, 0, 0, 0, 0), `4cm` = c(0, 
0, 0, 0, 0, 0, 0, 0, 0, 0), `5cm` = c(0, 0, 0, 0, 0, 0, 0, 0, 
0, 0), `6cm` = c(0, 0, 0, 0, 0, 0, 0, 0, 0, 0), `7cm` = c(0, 
0, 0, 0, 0, 0, 0, 0, 0, 0), `8cm` = c(0, 0, 0, 0, 0, 0, 0, 0.0455036248650316, 
0, 0), `9cm` = c(0, 0, 0.00966630675098977, 0.787906833256209, 
0, 0, 0, 0.182014499460126, 0, 0), `10cm` = c(0, 0, 0, 1.74465084506732, 
0, 0, 0, 0.318525374055221, 0, 0), `11cm` = c(0, 0, 0, 1.62131729137745, 
0.0589104838295028, 0, 0.0198210704920561, 1.53059209801459, 
0, 0), `12cm` = c(0, 0, 0.00966630675098977, 1.68837178554902, 
0, 0.049244177078513, 0, 1.71020471122276, 0, 0), `13cm` = c(0.00966630675098977, 
0, 0, 1.51953460699412, 0, 0.049244177078513, 0, 1.22139221259999, 
0, 0), `14cm` = c(0, 0, 0, 0.619069654701307, 0.147732531235539, 
0, 0, 1.30759568982614, 0.00966630675098977, 0), `15cm` = c(0, 
0, 0, 0.281395297591503, 0, 0, 0, 0.0910072497300632, 0.0289989202529693, 
0), `16cm` = c(0.0193326135019795, 0, 0, 0.0562790595183006, 
0.640174302020669, 0, 0.0198210704920561, 6.0954496375135, 0.0483315337549488, 
0), `17cm` = c(0, 0.0294873772430459, 0, 0.393953416628104, 5.71232454110751, 
0, 0, 16.3372468654283, 0.108283202221194, 0.0753252095223405
), `18cm` = c(0.0289989202529693, 0, 0, 0.562790595183006, 9.70110288446707, 
0.049244177078513, 0.0396421409841123, 28.5059209801459, 0.00966630675098977, 
0.0782559514628001), `19cm` = c(0, 0, 0, 1.06930213084771, 6.61054552933313, 
0, 0.157951565633195, 22.2565875586699, 0, 0.0656589027713507
), `20cm` = c(0, 0.0294873772430459, 0, 0.844185892774509, 3.71313435138053, 
0, 0, 16.0015160529737, 0.0198210704920561, 0), `21cm` = c(0, 
0.0198210704920561, 0, 0.0562790595183006, 1.42808113527688, 
0.0198210704920561, 0, 10.995297591503, 0.00966630675098977, 
0.287829708468302), `22cm` = c(0, 0, 0, 0, 0.49244177078513, 
0, 0.344709239549591, 10.3254225336595, 0.00966630675098977, 
0.206643015065042), `23cm` = c(0, 0, 0, 0.112558119036601, 1.63688364440331, 
0, 0.196976708314052, 11.2414666931095, 0, 0.0782559514628001
), `24cm` = c(0, 0.0198210704920561, 0, 0, 0.984883541570261, 
0, 0.541685947863643, 9.73867918291796, 0, 0.131317805542701), 
    `25cm` = c(0, 0, 0, 0, 0.532083911769243, 0, 0.738662656177696, 
    6.45294286154999, 0, 0.0782559514628001), `26cm` = c(0, 0, 
    0, 0.0562790595183006, 0.0991053524602807, 0, 1.62505784359093, 
    9.92069368237809, 0, 0.209573757005502), `27cm` = c(0, 0.0437726018475671, 
    0, 0, 0.0792842819682246, 0.049244177078513, 1.28034860404134, 
    15.1414688966748, 0, 0.275232659776852), `28cm` = c(0, 0.0437726018475671, 
    0, 0, 0.207195742711708, 0, 1.62505784359093, 7.11751614111633, 
    0, 0.262635611085403), `29cm` = c(0, 0, 0, 0, 0.167553601727595, 
    0, 1.28034860404134, 7.62162579052908, 0, 0), `30cm` = c(0, 
    0.00966630675098977, 0, 0, 0.049244177078513, 0, 1.82203455190498, 
    8.56759436768692, 0, 0.131317805542701), `31cm` = c(0, 0, 
    0, 0, 0, 0, 0.393953416628104, 6.1799211123598, 0, 0.537868270862255
    ), `32cm` = c(0, 0, 0, 0, 0, 0, 1.08337189572729, 4.77294462440228, 
    0, 0.393953416628104), `33cm` = c(0, 0, 0, 0, 0, 0, 1.08337189572729, 
    1.63209272603072, 0, 0.131317805542701), `34cm` = c(0, 0, 
    0, 0, 0, 0, 0, 2.70139485687843, 0, 0.0656589027713507), 
    `35cm` = c(0, 0, 0, 0, 0.0198210704920561, 0, 0.344709239549591, 
    1.05997664220709, 0, 0.0656589027713507), `36cm` = c(0, 0, 
    0, 0, 0, 0, 0, 1.01302307132941, 0, 0.0656589027713507), 
    `37cm` = c(0, 0, 0, 0, 0, 0, 0.196976708314052, 0.506511535664706, 
    0, 0.0656589027713507), `38cm` = c(0, 0, 0, 0, 0, 0, 0, 0, 
    0, 0), `39cm` = c(0, 0, 0, 0, 0, 0, 0, 0.506511535664706, 
    0, 0), `40cm` = c(0, 0, 0, 0, 0, 0, 0, 0, 0, 0), `41cm` = c(0, 
    0, 0, 0, 0, 0, 0, 0, 0, 0), `42cm` = c(0, 0, 0, 0, 0, 0, 
    0, 0, 0, 0), `43cm` = c(0, 0, 0, 0, 0, 0, 0, 0, 0, 0), `44cm` = c(0, 
    0, 0, 0, 0, 0, 0, 0, 0, 0), `45cm` = c(0, 0, 0, 0, 0, 0, 
    0, 0, 0, 0), `46cm` = c(0, 0, 0, 0, 0, 0, 0, 0, 0, 0), `47cm` = c(0, 
    0, 0, 0, 0, 0, 0, 0, 0, 0), `48cm` = c(0, 0, 0, 0, 0, 0, 
    0, 0, 0, 0), `49cm` = c(0, 0, 0, 0, 0, 0, 0, 0, 0, 0), `50cm` = c(0, 
    0, 0, 0, 0, 0, 0, 0, 0, 0), `51cm` = c(0, 0, 0, 0, 0, 0, 
    0, 0, 0, 0), `52cm` = c(0, 0, 0, 0, 0, 0, 0, 0, 0, 0), `53cm` = c(0, 
    0, 0, 0, 0, 0, 0, 0, 0, 0), `54cm` = c(0, 0, 0, 0, 0, 0, 
    0, 0, 0, 0), `55cm` = c(0, 0, 0, 0, 0, 0, 0, 0, 0, 0), `56cm` = c(0, 
    0, 0, 0, 0, 0, 0, 0, 0, 0), `57cm` = c(0, 0, 0, 0, 0, 0, 
    0, 0, 0, 0), `58cm` = c(0, 0, 0, 0, 0, 0, 0, 0, 0, 0), `59cm` = c(0, 
    0, 0, 0, 0, 0, 0, 0, 0, 0), `60cm` = c(0, 0, 0, 0, 0, 0, 
    0, 0, 0, 0), `61cm` = c(0, 0, 0, 0, 0, 0, 0, 0, 0, 0), `62cm` = c(0, 
    0, 0, 0, 0, 0, 0, 0, 0, 0), `63cm` = c(0, 0, 0, 0, 0, 0, 
    0, 0, 0, 0), `64cm` = c(0, 0, 0, 0, 0, 0, 0, 0, 0, 0), `65cm` = c(0, 
    0, 0, 0, 0, 0, 0, 0, 0, 0), `66cm` = c(0, 0, 0, 0, 0, 0, 
    0, 0, 0, 0), `67cm` = c(0, 0, 0, 0, 0, 0, 0, 0, 0, 0), `68cm` = c(0, 
    0, 0, 0, 0, 0, 0, 0, 0, 0), `69cm` = c(0, 0, 0, 0, 0, 0, 
    0, 0, 0, 0), `70cm` = c(0, 0, 0, 0, 0, 0, 0, 0, 0, 0), `71cm` = c(0, 
    0, 0, 0, 0, 0, 0, 0, 0, 0), `72cm` = c(0, 0, 0, 0, 0, 0, 
    0, 0, 0, 0), `73cm` = c(0, 0, 0, 0, 0, 0, 0, 0, 0, 0), `74cm` = c(0, 
    0, 0, 0, 0, 0, 0, 0, 0, 0), `75cm` = c(0, 0, 0, 0, 0, 0, 
    0, 0, 0, 0), `76cm` = c(0, 0, 0, 0, 0, 0, 0, 0, 0, 0), `77cm` = c(0, 
    0, 0, 0, 0, 0, 0, 0, 0, 0), `78cm` = c(0, 0, 0, 0, 0, 0, 
    0, 0, 0, 0), `79cm` = c(0, 0, 0, 0, 0, 0, 0, 0, 0, 0), `80cm` = c(0, 
    0, 0, 0, 0, 0, 0, 0, 0, 0), `81cm` = c(0, 0, 0, 0, 0, 0, 
    0, 0, 0, 0), `82cm` = c(0, 0, 0, 0, 0, 0, 0, 0, 0, 0), `83cm` = c(0, 
    0, 0, 0, 0, 0, 0, 0, 0, 0), `84cm` = c(0, 0, 0, 0, 0, 0, 
    0, 0, 0, 0), `85cm` = c(0, 0, 0, 0, 0, 0, 0, 0, 0, 0), `86cm` = c(0, 
    0, 0, 0, 0, 0, 0, 0, 0, 0), `87cm` = c(0, 0, 0, 0, 0, 0, 
    0, 0, 0, 0), `88cm` = c(0, 0, 0, 0, 0, 0, 0, 0, 0, 0), `89cm` = c(0, 
    0, 0, 0, 0, 0, 0, 0, 0, 0), `90cm` = c(0, 0, 0, 0, 0, 0, 
    0, 0, 0, 0), `91cm` = c(0, 0, 0, 0, 0, 0, 0, 0, 0, 0), `92cm` = c(0, 
    0, 0, 0, 0, 0, 0, 0, 0, 0), `93cm` = c(0, 0, 0, 0, 0, 0, 
    0, 0, 0, 0), `94cm` = c(0, 0, 0, 0, 0, 0, 0, 0, 0, 0), `95cm` = c(0, 
    0, 0, 0, 0, 0, 0, 0, 0, 0), `96cm` = c(0, 0, 0, 0, 0, 0, 
    0, 0, 0, 0), `97cm` = c(0, 0, 0, 0, 0, 0, 0, 0, 0, 0), `98cm` = c(0, 
    0, 0, 0, 0, 0, 0, 0, 0, 0), `99cm` = c(0, 0, 0, 0, 0, 0, 
    0, 0, 0, 0), `100cm` = c(0, 0, 0, 0, 0, 0, 0, 0, 0, 0), Total = c(0.0579978405059386, 
    0.195828405916328, 0.0193326135019795, 11.4138736475618, 
    32.2805028536172, 0.216797778806108, 12.7945010026222, 211.098640400167, 
    0.244099953725127, 3.20607743328706)), .Names = c("Year", 
"nTows", "0cm", "1cm", "2cm", "3cm", "4cm", "5cm", "6cm", "7cm", 
"8cm", "9cm", "10cm", "11cm", "12cm", "13cm", "14cm", "15cm", 
"16cm", "17cm", "18cm", "19cm", "20cm", "21cm", "22cm", "23cm", 
"24cm", "25cm", "26cm", "27cm", "28cm", "29cm", "30cm", "31cm", 
"32cm", "33cm", "34cm", "35cm", "36cm", "37cm", "38cm", "39cm", 
"40cm", "41cm", "42cm", "43cm", "44cm", "45cm", "46cm", "47cm", 
"48cm", "49cm", "50cm", "51cm", "52cm", "53cm", "54cm", "55cm", 
"56cm", "57cm", "58cm", "59cm", "60cm", "61cm", "62cm", "63cm", 
"64cm", "65cm", "66cm", "67cm", "68cm", "69cm", "70cm", "71cm", 
"72cm", "73cm", "74cm", "75cm", "76cm", "77cm", "78cm", "79cm", 
"80cm", "81cm", "82cm", "83cm", "84cm", "85cm", "86cm", "87cm", 
"88cm", "89cm", "90cm", "91cm", "92cm", "93cm", "94cm", "95cm", 
"96cm", "97cm", "98cm", "99cm", "100cm", "Total"), row.names = c(NA, 
-10L), class = "data.frame")
