structure(list(Year = c(2009, 2010, 2011, 2012, 2013, 2014, 2015, 
2016, 2017, 2018, 2019), nTows = c(44, 43, 39, 38, 39, 38, 39, 
37, 39, 28, 39), `5cm` = c(0, 0, 0, 0, 0, 0, 0, 0, 0, 0, 0), 
    `6cm` = c(0.00351330600691594, 0, 0, 0.00305406054553058, 
    0, 0, 0, 0, 0, 0, 0), `7cm` = c(0.00269597474058584, 0, 0, 
    0.0589229124297426, 0.0011905832035031, 0.000788144656911118, 
    0, 0, 0, 0, 0), `8cm` = c(0.00130773002612815, 0.000675075029989457, 
    0.00137925314959446, 0.0972320492554248, 0.00479360147727012, 
    0.000788144656911118, 0.0375033709103477, 0.00226778641007712, 
    0.00670032966578461, 0, 0.00165510377951335), `9cm` = c(0.00313799971129384, 
    0.00392319007838446, 0.00873526994743155, 0.0309765087780683, 
    0.0140401613073155, 0.000788144656911118, 0.0666726593961737, 
    0.00136067184604627, 0.00670032966578461, 0, 0.00147120335956742
    ), `10cm` = c(0.0423625358096221, 0.000980797519596114, 0.0790771805767488, 
    0.065832270845183, 0.00551701259837782, 0.000788144656911118, 
    0.0675727594361597, 0.00678575071586953, 0.00531131592836432, 
    0, 0.00588481343826968), Total = c(0.0530175462945458, 0.00557906262797003, 
    0.0891917036737748, 0.256017801853949, 0.0255413585864665, 
    0.00315257862764447, 0.171748789742681, 0.0104142089719929, 
    0.0187119752599335, 0, 0.00901112057735044)), .Names = c("Year", 
"nTows", "5cm", "6cm", "7cm", "8cm", "9cm", "10cm", "Total"), row.names = c(NA, 
-11L), class = "data.frame")
